<?xml version="1.0" encoding="UTF-8"?>
<!-- Generated by org.testng.reporters.JUnitXMLReporter -->
<testsuite hostname="QA1-PC" ignored="3" name="Default test" tests="1" failures="0" timestamp="18 Jan 2017 08:55:19 GMT" time="125.596" errors="0">
  <testcase name="verifyBestInetOperatorAsOnlyPriviligedUser" time="119.175" classname="org.fwcms.cdc.privilegeduser.MultipleRolesTest"/>
  <testcase name="verifyBestInetPriviligedUserAsOnlyOperator" time="0.0" classname="org.fwcms.cdc.privilegeduser.MultipleRolesTest">
    <ignored/>
  </testcase> <!-- verifyBestInetPriviligedUserAsOnlyOperator -->
  <testcase name="assignAndRevokeBestInetPrivilegedUserRole" time="0.0" classname="org.fwcms.cdc.privilegeduser.MultipleRolesTest">
    <ignored/>
  </testcase> <!-- assignAndRevokeBestInetPrivilegedUserRole -->
  <testcase name="assignAndRevokeBestInetOperatorRoleAsBestInetPrivilegedUser" time="0.0" classname="org.fwcms.cdc.privilegeduser.MultipleRolesTest">
    <ignored/>
  </testcase> <!-- assignAndRevokeBestInetOperatorRoleAsBestInetPrivilegedUser -->
</testsuite> <!-- Default test -->
