<?xml version="1.0" encoding="UTF-8"?>
<!-- Generated by org.testng.reporters.JUnitXMLReporter -->
<testsuite hostname="QA1-PC" ignored="3" name="Test2" tests="1" failures="1" timestamp="18 Jan 2017 07:15:35 GMT" time="95.634" errors="0">
  <testcase name="verifyBestInetOperatorAsOnlyPriviligedUser" time="88.933" classname="org.fwcms.cdc.privilegeduser.MultipleRolesTest">
    <failure type="org.openqa.selenium.TimeoutException" message="Timed out after 60 seconds waiting for com.olo.bot.BrowserBot$10@341fae71
Build info: version: &amp;apos;2.52.0&amp;apos;, revision: &amp;apos;4c2593cfc3689a7fcd7be52549167e5ccc93ad28&amp;apos;, time: &amp;apos;2016-02-11 11:22:43&amp;apos;
System info: host: &amp;apos;QA1-PC&amp;apos;, ip: &amp;apos;10.0.1.50&amp;apos;, os.name: &amp;apos;Windows 7&amp;apos;, os.arch: &amp;apos;amd64&amp;apos;, os.version: &amp;apos;6.1&amp;apos;, java.version: &amp;apos;1.7.0_67&amp;apos;
Session ID: 149a2817-f954-47ed-afe8-d8689e90cdbd
Driver info: org.openqa.selenium.firefox.FirefoxDriver
Capabilities [{platform=WINDOWS, acceptSslCerts=true, javascriptEnabled=true, cssSelectorsEnabled=true, databaseEnabled=true, browserName=firefox, handlesAlerts=true, nativeEvents=false, webStorageEnabled=true, rotatable=false, locationContextEnabled=true, applicationCacheEnabled=true, takesScreenshot=true, version=46.0}]">
      <![CDATA[org.openqa.selenium.TimeoutException: Timed out after 60 seconds waiting for com.olo.bot.BrowserBot$10@341fae71
Build info: version: '2.52.0', revision: '4c2593cfc3689a7fcd7be52549167e5ccc93ad28', time: '2016-02-11 11:22:43'
System info: host: 'QA1-PC', ip: '10.0.1.50', os.name: 'Windows 7', os.arch: 'amd64', os.version: '6.1', java.version: '1.7.0_67'
Session ID: 149a2817-f954-47ed-afe8-d8689e90cdbd
Driver info: org.openqa.selenium.firefox.FirefoxDriver
Capabilities [{platform=WINDOWS, acceptSslCerts=true, javascriptEnabled=true, cssSelectorsEnabled=true, databaseEnabled=true, browserName=firefox, handlesAlerts=true, nativeEvents=false, webStorageEnabled=true, rotatable=false, locationContextEnabled=true, applicationCacheEnabled=true, takesScreenshot=true, version=46.0}]
	at org.openqa.selenium.support.ui.WebDriverWait.timeoutException(WebDriverWait.java:80)
	at org.openqa.selenium.support.ui.FluentWait.until(FluentWait.java:261)
	at com.olo.bot.BrowserBot.waitForEditable(BrowserBot.java:147)
	at org.fwcms.pages.cdc.HomePage.clickRolesAndPrivilegesLink(HomePage.java:65)
	at org.fwcms.cdc.privilegeduser.MultipleRolesTest.verifyBestInetOperatorAsOnlyPriviligedUser(MultipleRolesTest.java:109)
... Removed 25 stack frames]]>
    </failure>
  </testcase> <!-- verifyBestInetOperatorAsOnlyPriviligedUser -->
  <testcase name="verifyBestInetPriviligedUserAsOnlyOperator" time="0.0" classname="org.fwcms.cdc.privilegeduser.MultipleRolesTest">
    <ignored/>
  </testcase> <!-- verifyBestInetPriviligedUserAsOnlyOperator -->
  <testcase name="assignAndRevokeBestInetPrivilegedUserRole" time="0.0" classname="org.fwcms.cdc.privilegeduser.MultipleRolesTest">
    <ignored/>
  </testcase> <!-- assignAndRevokeBestInetPrivilegedUserRole -->
  <testcase name="assignAndRevokeBestInetOperatorRoleAsBestInetPrivilegedUser" time="0.0" classname="org.fwcms.cdc.privilegeduser.MultipleRolesTest">
    <ignored/>
  </testcase> <!-- assignAndRevokeBestInetOperatorRoleAsBestInetPrivilegedUser -->
</testsuite> <!-- Test2 -->
